#
# A fatal error has been detected by the Java Runtime Environment:
#
#  Internal Error (javaClasses.cpp:129), pid=532, tid=139709222487808
#  fatal error: Invalid layout of preloaded class
#
# JRE version: 7.0_11-b21
# Java VM: Java HotSpot(TM) 64-Bit Server VM (23.6-b04 mixed mode linux-amd64 compressed oops)
# Failed to write core dump. Core dumps have been disabled. To enable core dumping, try "ulimit -c unlimited" before starting Java again
#
# If you would like to submit a bug report, please visit:
#   http://bugreport.sun.com/bugreport/crash.jsp
#

---------------  T H R E A D  ---------------

Current thread (0x0000000001063000):  JavaThread "Unknown thread" [_thread_in_vm, id=538, stack(0x00007f1096840000,0x00007f1096941000)]

Stack: [0x00007f1096840000,0x00007f1096941000],  sp=0x00007f109693f7c0,  free space=1021k
Native frames: (J=compiled Java code, j=interpreted, Vv=VM code, C=native code)
V  [libjvm.so+0x8a531a]  VMError::report_and_die()+0x2ea
V  [libjvm.so+0x40aeb9]  report_fatal(char const*, int, char const*)+0x59
V  [libjvm.so+0x5558f7]  compute_offset(int&, klassOopDesc*, Symbol*, Symbol*, bool)+0x137
V  [libjvm.so+0x556ab9]  java_lang_String::compute_offsets()+0x39
V  [libjvm.so+0x8343d3]  SystemDictionary::initialize_preloaded_classes(Thread*)+0x143
V  [libjvm.so+0x880514]  Universe::genesis(Thread*)+0x474
V  [libjvm.so+0x8809c4]  universe2_init()+0x24
V  [libjvm.so+0x503d0d]  init_globals()+0xbd
V  [libjvm.so+0x866f62]  Threads::create_vm(JavaVMInitArgs*, bool*)+0x1e2
V  [libjvm.so+0x563bc4]  JNI_CreateJavaVM+0x74
C  [libjli.so+0x2f8e]  JavaMain+0x9e


---------------  P R O C E S S  ---------------

Java Threads: ( => current thread )

Other Threads:

=>0x0000000001063000 (exited) JavaThread "Unknown thread" [_thread_in_vm, id=538, stack(0x00007f1096840000,0x00007f1096941000)]

VM state:not at safepoint (not fully initialized)

VM Mutex/Monitor currently owned by a thread: None

GC Heap History (0 events):
No events

Deoptimization events (0 events):
No events

Internal exceptions (0 events):
No events

Events (10 events):
Event: 0.018 loading class 0x000000000108c750 done
Event: 0.019 loading class 0x000000000108bff0 done
Event: 0.019 loading class 0x000000000108bfc0
Event: 0.019 loading class 0x00000000010b71d0
Event: 0.019 loading class 0x00000000010b71d0 done
Event: 0.019 loading class 0x00000000010b7210
Event: 0.019 loading class 0x00000000010b7210 done
Event: 0.019 loading class 0x00000000010b7250
Event: 0.019 loading class 0x00000000010b7250 done
Event: 0.019 loading class 0x000000000108bfc0 done


Dynamic libraries:
00400000-00401000 r-xp 00000000 08:01 5121673                            /usr/lib/jvm/java-7-oracle/bin/java
00600000-00601000 rw-p 00000000 08:01 5121673                            /usr/lib/jvm/java-7-oracle/bin/java
0105b000-010c2000 rw-p 00000000 00:00 0                                  [heap]
77e800000-77fcc0000 rw-p 00000000 00:00 0 
77fcc0000-783a00000 rw-p 00000000 00:00 0 
783a00000-788cf0000 rw-p 00000000 00:00 0 
788cf0000-7d68b0000 rw-p 00000000 00:00 0 
7d68b0000-7d9220000 rw-p 00000000 00:00 0 
7d9220000-800000000 rw-p 00000000 00:00 0 
7f1084000000-7f1084021000 rw-p 00000000 00:00 0 
7f1084021000-7f1088000000 ---p 00000000 00:00 0 
7f108b24f000-7f108b447000 rw-p 00000000 00:00 0 
7f108b447000-7f108b50d000 r--s 0116f000 08:01 11148528                   /home/yonatan/opt/adt-bundle-linux-x86_64-20130219/sdk/platforms/android-17/android.jar
7f108b50d000-7f10905fd000 rw-p 00000000 00:00 0 
7f10905fd000-7f10905fe000 ---p 00000000 00:00 0 
7f10905fe000-7f10906fe000 rw-p 00000000 00:00 0 
7f10906fe000-7f10906ff000 ---p 00000000 00:00 0 
7f10906ff000-7f10907ff000 rw-p 00000000 00:00 0 
7f10907ff000-7f1090800000 ---p 00000000 00:00 0 
7f1090800000-7f1090900000 rw-p 00000000 00:00 0 
7f1090900000-7f1090901000 ---p 00000000 00:00 0 
7f1090901000-7f1090a01000 rw-p 00000000 00:00 0 
7f1090a01000-7f1090a02000 ---p 00000000 00:00 0 
7f1090a02000-7f1090b02000 rw-p 00000000 00:00 0 
7f1090b02000-7f1090b03000 ---p 00000000 00:00 0 
7f1090b03000-7f1090c03000 rw-p 00000000 00:00 0 
7f1090c03000-7f1090c04000 ---p 00000000 00:00 0 
7f1090c04000-7f1090d04000 rw-p 00000000 00:00 0 
7f1090d04000-7f1090d05000 ---p 00000000 00:00 0 
7f1090d05000-7f1090e2f000 rw-p 00000000 00:00 0 
7f1090e2f000-7f109109d000 rw-p 00000000 00:00 0 
7f109109d000-7f10910a8000 rw-p 00000000 00:00 0 
7f10910a8000-7f10910c6000 rw-p 00000000 00:00 0 
7f10910c6000-7f10910f0000 rw-p 00000000 00:00 0 
7f10910f0000-7f109135d000 rw-p 00000000 00:00 0 
7f109135d000-7f1091373000 rw-p 00000000 00:00 0 
7f1091373000-7f10914a9000 rw-p 00000000 00:00 0 
7f10914a9000-7f10914b4000 rw-p 00000000 00:00 0 
7f10914b4000-7f109156a000 rw-p 00000000 00:00 0 
7f109156a000-7f10917da000 rwxp 00000000 00:00 0 
7f10917da000-7f109456a000 rw-p 00000000 00:00 0 
7f109456a000-7f1094584000 r-xp 00000000 08:01 9048564                    /usr/lib/jvm/java-7-oracle/jre/lib/amd64/libzip.so
7f1094584000-7f1094784000 ---p 0001a000 08:01 9048564                    /usr/lib/jvm/java-7-oracle/jre/lib/amd64/libzip.so
7f1094784000-7f1094785000 rw-p 0001a000 08:01 9048564                    /usr/lib/jvm/java-7-oracle/jre/lib/amd64/libzip.so
7f1094785000-7f10947ae000 r-xp 00000000 08:01 9048569                    /usr/lib/jvm/java-7-oracle/jre/lib/amd64/libjava.so
7f10947ae000-7f10949ae000 ---p 00029000 08:01 9048569                    /usr/lib/jvm/java-7-oracle/jre/lib/amd64/libjava.so
7f10949ae000-7f10949b0000 rw-p 00029000 08:01 9048569                    /usr/lib/jvm/java-7-oracle/jre/lib/amd64/libjava.so
7f10949b0000-7f10949bd000 r-xp 00000000 08:01 9048552                    /usr/lib/jvm/java-7-oracle/jre/lib/amd64/libverify.so
7f10949bd000-7f1094bbc000 ---p 0000d000 08:01 9048552                    /usr/lib/jvm/java-7-oracle/jre/lib/amd64/libverify.so
7f1094bbc000-7f1094bbe000 rw-p 0000c000 08:01 9048552                    /usr/lib/jvm/java-7-oracle/jre/lib/amd64/libverify.so
7f1094bbe000-7f1094bc5000 r-xp 00000000 08:01 4722384                    /lib/x86_64-linux-gnu/librt-2.13.so
7f1094bc5000-7f1094dc4000 ---p 00007000 08:01 4722384                    /lib/x86_64-linux-gnu/librt-2.13.so
7f1094dc4000-7f1094dc5000 r--p 00006000 08:01 4722384                    /lib/x86_64-linux-gnu/librt-2.13.so
7f1094dc5000-7f1094dc6000 rw-p 00007000 08:01 4722384                    /lib/x86_64-linux-gnu/librt-2.13.so
7f1094dc6000-7f1094e49000 r-xp 00000000 08:01 4722433                    /lib/x86_64-linux-gnu/libm-2.13.so
7f1094e49000-7f1095048000 ---p 00083000 08:01 4722433                    /lib/x86_64-linux-gnu/libm-2.13.so
7f1095048000-7f1095049000 r--p 00082000 08:01 4722433                    /lib/x86_64-linux-gnu/libm-2.13.so
7f1095049000-7f109504a000 rw-p 00083000 08:01 4722433                    /lib/x86_64-linux-gnu/libm-2.13.so
7f109504a000-7f1095a91000 r-xp 00000000 08:01 9048571                    /usr/lib/jvm/java-7-oracle/jre/lib/amd64/server/libjvm.so
7f1095a91000-7f1095c91000 ---p 00a47000 08:01 9048571                    /usr/lib/jvm/java-7-oracle/jre/lib/amd64/server/libjvm.so
7f1095c91000-7f1095d34000 rw-p 00a47000 08:01 9048571                    /usr/lib/jvm/java-7-oracle/jre/lib/amd64/server/libjvm.so
7f1095d34000-7f1095d70000 rw-p 00000000 00:00 0 
7f1095d70000-7f1095f09000 r-xp 00000000 08:01 4722453                    /lib/x86_64-linux-gnu/libc-2.13.so
7f1095f09000-7f1096108000 ---p 00199000 08:01 4722453                    /lib/x86_64-linux-gnu/libc-2.13.so
7f1096108000-7f109610c000 r--p 00198000 08:01 4722453                    /lib/x86_64-linux-gnu/libc-2.13.so
7f109610c000-7f109610d000 rw-p 0019c000 08:01 4722453                    /lib/x86_64-linux-gnu/libc-2.13.so
7f109610d000-7f1096113000 rw-p 00000000 00:00 0 
7f1096113000-7f1096115000 r-xp 00000000 08:01 4722432                    /lib/x86_64-linux-gnu/libdl-2.13.so
7f1096115000-7f1096315000 ---p 00002000 08:01 4722432                    /lib/x86_64-linux-gnu/libdl-2.13.so
7f1096315000-7f1096316000 r--p 00002000 08:01 4722432                    /lib/x86_64-linux-gnu/libdl-2.13.so
7f1096316000-7f1096317000 rw-p 00003000 08:01 4722432                    /lib/x86_64-linux-gnu/libdl-2.13.so
7f1096317000-7f109632d000 r-xp 00000000 08:01 9048529                    /usr/lib/jvm/java-7-oracle/jre/lib/amd64/jli/libjli.so
7f109632d000-7f109652d000 ---p 00016000 08:01 9048529                    /usr/lib/jvm/java-7-oracle/jre/lib/amd64/jli/libjli.so
7f109652d000-7f109652e000 rw-p 00016000 08:01 9048529                    /usr/lib/jvm/java-7-oracle/jre/lib/amd64/jli/libjli.so
7f109652e000-7f1096546000 r-xp 00000000 08:01 4722428                    /lib/x86_64-linux-gnu/libpthread-2.13.so
7f1096546000-7f1096745000 ---p 00018000 08:01 4722428                    /lib/x86_64-linux-gnu/libpthread-2.13.so
7f1096745000-7f1096746000 r--p 00017000 08:01 4722428                    /lib/x86_64-linux-gnu/libpthread-2.13.so
7f1096746000-7f1096747000 rw-p 00018000 08:01 4722428                    /lib/x86_64-linux-gnu/libpthread-2.13.so
7f1096747000-7f109674b000 rw-p 00000000 00:00 0 
7f109674b000-7f109676c000 r-xp 00000000 08:01 4722445                    /lib/x86_64-linux-gnu/ld-2.13.so
7f1096783000-7f10967ed000 rw-p 00000000 00:00 0 
7f10967ed000-7f109680b000 rw-p 00000000 00:00 0 
7f109680b000-7f1096840000 r--s 00000000 08:01 5377202                    /var/cache/nscd/passwd
7f1096840000-7f1096843000 ---p 00000000 00:00 0 
7f1096843000-7f1096945000 rw-p 00000000 00:00 0 
7f109695f000-7f1096967000 rw-s 00000000 08:01 5126657                    /tmp/hsperfdata_yonatan/532
7f1096967000-7f1096968000 rw-p 00000000 00:00 0 
7f1096968000-7f1096969000 r--p 00000000 00:00 0 
7f1096969000-7f109696b000 rw-p 00000000 00:00 0 
7f109696b000-7f109696c000 r--p 00020000 08:01 4722445                    /lib/x86_64-linux-gnu/ld-2.13.so
7f109696c000-7f109696e000 rw-p 00021000 08:01 4722445                    /lib/x86_64-linux-gnu/ld-2.13.so
7fff44e76000-7fff44e98000 rw-p 00000000 00:00 0                          [stack]
7fff44f3e000-7fff44f3f000 r-xp 00000000 00:00 0                          [vdso]
ffffffffff600000-ffffffffff601000 r-xp 00000000 00:00 0                  [vsyscall]

VM Arguments:
jvm_args: -Dfile.encoding=UTF-8 -Xbootclasspath:/home/yonatan/opt/adt-bundle-linux-x86_64-20130219/sdk/platforms/android-17/android.jar 
java_command: org.eclipse.jdt.internal.junit.runner.RemoteTestRunner -version 3 -port 40916 -testLoaderClass org.eclipse.jdt.internal.junit4.runner.JUnit4TestLoader -loaderpluginname org.eclipse.jdt.junit4.runtime -classNames com.cheetah.RetrievesGeoLocationTest
Launcher Type: SUN_STANDARD

Environment Variables:
JAVA_HOME=/usr/lib/jvm/java-7-oracle
PATH=/home/yonatan/.rvm/gems/ruby-1.9.3-p194/bin:/home/yonatan/.rvm/gems/ruby-1.9.3-p194@global/bin:/home/yonatan/.rvm/rubies/ruby-1.9.3-p194/bin:/home/yonatan/.rvm/bin:/home/yonatan/opt/maven/bin:/usr/lib/lightdm/lightdm:/usr/local/sbin:/usr/local/bin:/usr/sbin:/usr/bin:/sbin:/bin:/usr/games:/usr/lib/jvm/java-7-oracle/bin:/home/yonatan/scripts:/home/yonatan/opt/hadoop/bin:/home/yonatan/opt/hive/build/dist/bin:/home/yonatan/opt/ant/bin:/home/yonatan/opt/gae:/home/yonatan/opt/sbt/bin/:/home/yonatan/opt/scala/bin:/home/yonatan/opt/storm/bin
USERNAME=yonatan
SHELL=/bin/bash
DISPLAY=:0

Signal Handlers:
SIGSEGV: [libjvm.so+0x8a5c80], sa_mask[0]=0x7ffbfeff, sa_flags=0x10000004
SIGBUS: [libjvm.so+0x8a5c80], sa_mask[0]=0x7ffbfeff, sa_flags=0x10000004
SIGFPE: [libjvm.so+0x741d60], sa_mask[0]=0x7ffbfeff, sa_flags=0x10000004
SIGPIPE: [libjvm.so+0x741d60], sa_mask[0]=0x7ffbfeff, sa_flags=0x10000004
SIGXFSZ: [libjvm.so+0x741d60], sa_mask[0]=0x7ffbfeff, sa_flags=0x10000004
SIGILL: [libjvm.so+0x741d60], sa_mask[0]=0x7ffbfeff, sa_flags=0x10000004
SIGUSR1: SIG_DFL, sa_mask[0]=0x00000000, sa_flags=0x00000000
SIGUSR2: [libjvm.so+0x7416b0], sa_mask[0]=0x00000004, sa_flags=0x10000004
SIGHUP: SIG_DFL, sa_mask[0]=0x00000000, sa_flags=0x00000000
SIGINT: SIG_DFL, sa_mask[0]=0x00000000, sa_flags=0x00000000
SIGTERM: SIG_DFL, sa_mask[0]=0x00000000, sa_flags=0x00000000
SIGQUIT: SIG_DFL, sa_mask[0]=0x00000000, sa_flags=0x00000000


---------------  S Y S T E M  ---------------

OS:wheezy/sid

uname:Linux 3.0.0-12-generic #20-Ubuntu SMP Fri Oct 7 14:56:25 UTC 2011 x86_64
libc:glibc 2.13 NPTL 2.13 
rlimit: STACK 8192k, CORE 0k, NPROC 63531, NOFILE 4096, AS infinity
load average:0.48 0.42 0.44

/proc/meminfo:
MemTotal:        8147872 kB
MemFree:          898952 kB
Buffers:          234488 kB
Cached:          1431032 kB
SwapCached:       139992 kB
Active:          4701308 kB
Inactive:        1835556 kB
Active(anon):    3895348 kB
Inactive(anon):   984148 kB
Active(file):     805960 kB
Inactive(file):   851408 kB
Unevictable:          72 kB
Mlocked:              72 kB
SwapTotal:       8270844 kB
SwapFree:        7593128 kB
Dirty:              2332 kB
Writeback:             0 kB
AnonPages:       4782268 kB
Mapped:           158996 kB
Shmem:              8152 kB
Slab:             460596 kB
SReclaimable:     423992 kB
SUnreclaim:        36604 kB
KernelStack:        5200 kB
PageTables:        51688 kB
NFS_Unstable:          0 kB
Bounce:                0 kB
WritebackTmp:          0 kB
CommitLimit:    12344780 kB
Committed_AS:    8967284 kB
VmallocTotal:   34359738367 kB
VmallocUsed:      154436 kB
VmallocChunk:   34359563260 kB
HardwareCorrupted:     0 kB
AnonHugePages:         0 kB
HugePages_Total:       0
HugePages_Free:        0
HugePages_Rsvd:        0
HugePages_Surp:        0
Hugepagesize:       2048 kB
DirectMap4k:     3182592 kB
DirectMap2M:     5165056 kB


CPU:total 8 (4 cores per cpu, 2 threads per core) family 6 model 42 stepping 7, cmov, cx8, fxsr, mmx, sse, sse2, sse3, ssse3, sse4.1, sse4.2, popcnt, avx, ht, tsc, tscinvbit

/proc/cpuinfo:
processor	: 0
vendor_id	: GenuineIntel
cpu family	: 6
model		: 42
model name	: Intel(R) Core(TM) i7-2720QM CPU @ 2.20GHz
stepping	: 7
cpu MHz		: 2192.888
cache size	: 6144 KB
physical id	: 0
siblings	: 8
core id		: 0
cpu cores	: 4
apicid		: 0
initial apicid	: 0
fpu		: yes
fpu_exception	: yes
cpuid level	: 13
wp		: yes
flags		: fpu vme de pse tsc msr pae mce cx8 apic sep mtrr pge mca cmov pat pse36 clflush dts acpi mmx fxsr sse sse2 ss ht tm pbe syscall nx rdtscp lm constant_tsc arch_perfmon pebs bts nopl xtopology nonstop_tsc aperfmperf pni pclmulqdq dtes64 monitor ds_cpl vmx smx est tm2 ssse3 cx16 xtpr pdcm sse4_1 sse4_2 x2apic popcnt aes xsave avx lahf_lm ida arat epb xsaveopt pln pts dts tpr_shadow vnmi flexpriority ept vpid
bogomips	: 4385.77
clflush size	: 64
cache_alignment	: 64
address sizes	: 36 bits physical, 48 bits virtual
power management:

processor	: 1
vendor_id	: GenuineIntel
cpu family	: 6
model		: 42
model name	: Intel(R) Core(TM) i7-2720QM CPU @ 2.20GHz
stepping	: 7
cpu MHz		: 2192.888
cache size	: 6144 KB
physical id	: 0
siblings	: 8
core id		: 0
cpu cores	: 4
apicid		: 1
initial apicid	: 1
fpu		: yes
fpu_exception	: yes
cpuid level	: 13
wp		: yes
flags		: fpu vme de pse tsc msr pae mce cx8 apic sep mtrr pge mca cmov pat pse36 clflush dts acpi mmx fxsr sse sse2 ss ht tm pbe syscall nx rdtscp lm constant_tsc arch_perfmon pebs bts nopl xtopology nonstop_tsc aperfmperf pni pclmulqdq dtes64 monitor ds_cpl vmx smx est tm2 ssse3 cx16 xtpr pdcm sse4_1 sse4_2 x2apic popcnt aes xsave avx lahf_lm ida arat epb xsaveopt pln pts dts tpr_shadow vnmi flexpriority ept vpid
bogomips	: 4385.64
clflush size	: 64
cache_alignment	: 64
address sizes	: 36 bits physical, 48 bits virtual
power management:

processor	: 2
vendor_id	: GenuineIntel
cpu family	: 6
model		: 42
model name	: Intel(R) Core(TM) i7-2720QM CPU @ 2.20GHz
stepping	: 7
cpu MHz		: 2192.888
cache size	: 6144 KB
physical id	: 0
siblings	: 8
core id		: 1
cpu cores	: 4
apicid		: 2
initial apicid	: 2
fpu		: yes
fpu_exception	: yes
cpuid level	: 13
wp		: yes
flags		: fpu vme de pse tsc msr pae mce cx8 apic sep mtrr pge mca cmov pat pse36 clflush dts acpi mmx fxsr sse sse2 ss ht tm pbe syscall nx rdtscp lm constant_tsc arch_perfmon pebs bts nopl xtopology nonstop_tsc aperfmperf pni pclmulqdq dtes64 monitor ds_cpl vmx smx est tm2 ssse3 cx16 xtpr pdcm sse4_1 sse4_2 x2apic popcnt aes xsave avx lahf_lm ida arat epb xsaveopt pln pts dts tpr_shadow vnmi flexpriority ept vpid
bogomips	: 4385.70
clflush size	: 64
cache_alignment	: 64
address sizes	: 36 bits physical, 48 bits virtual
power management:

processor	: 3
vendor_id	: GenuineIntel
cpu family	: 6
model		: 42
model name	: Intel(R) Core(TM) i7-2720QM CPU @ 2.20GHz
stepping	: 7
cpu MHz		: 2192.888
cache size	: 6144 KB
physical id	: 0
siblings	: 8
core id		: 1
cpu cores	: 4
apicid		: 3
initial apicid	: 3
fpu		: yes
fpu_exception	: yes
cpuid level	: 13
wp		: yes
flags		: fpu vme de pse tsc msr pae mce cx8 apic sep mtrr pge mca cmov pat pse36 clflush dts acpi mmx fxsr sse sse2 ss ht tm pbe syscall nx rdtscp lm constant_tsc arch_perfmon pebs bts nopl xtopology nonstop_tsc aperfmperf pni pclmulqdq dtes64 monitor ds_cpl vmx smx est tm2 ssse3 cx16 xtpr pdcm sse4_1 sse4_2 x2apic popcnt aes xsave avx lahf_lm ida arat epb xsaveopt pln pts dts tpr_shadow vnmi flexpriority ept vpid
bogomips	: 4385.70
clflush size	: 64
cache_alignment	: 64
address sizes	: 36 bits physical, 48 bits virtual
power management:

processor	: 4
vendor_id	: GenuineIntel
cpu family	: 6
model		: 42
model name	: Intel(R) Core(TM) i7-2720QM CPU @ 2.20GHz
stepping	: 7
cpu MHz		: 2192.888
cache size	: 6144 KB
physical id	: 0
siblings	: 8
core id		: 2
cpu cores	: 4
apicid		: 4
initial apicid	: 4
fpu		: yes
fpu_exception	: yes
cpuid level	: 13
wp		: yes
flags		: fpu vme de pse tsc msr pae mce cx8 apic sep mtrr pge mca cmov pat pse36 clflush dts acpi mmx fxsr sse sse2 ss ht tm pbe syscall nx rdtscp lm constant_tsc arch_perfmon pebs bts nopl xtopology nonstop_tsc aperfmperf pni pclmulqdq dtes64 monitor ds_cpl vmx smx est tm2 ssse3 cx16 xtpr pdcm sse4_1 sse4_2 x2apic popcnt aes xsave avx lahf_lm ida arat epb xsaveopt pln pts dts tpr_shadow vnmi flexpriority ept vpid
bogomips	: 4385.71
clflush size	: 64
cache_alignment	: 64
address sizes	: 36 bits physical, 48 bits virtual
power management:

processor	: 5
vendor_id	: GenuineIntel
cpu family	: 6
model		: 42
model name	: Intel(R) Core(TM) i7-2720QM CPU @ 2.20GHz
stepping	: 7
cpu MHz		: 2192.888
cache size	: 6144 KB
physical id	: 0
siblings	: 8
core id		: 2
cpu cores	: 4
apicid		: 5
initial apicid	: 5
fpu		: yes
fpu_exception	: yes
cpuid level	: 13
wp		: yes
flags		: fpu vme de pse tsc msr pae mce cx8 apic sep mtrr pge mca cmov pat pse36 clflush dts acpi mmx fxsr sse sse2 ss ht tm pbe syscall nx rdtscp lm constant_tsc arch_perfmon pebs bts nopl xtopology nonstop_tsc aperfmperf pni pclmulqdq dtes64 monitor ds_cpl vmx smx est tm2 ssse3 cx16 xtpr pdcm sse4_1 sse4_2 x2apic popcnt aes xsave avx lahf_lm ida arat epb xsaveopt pln pts dts tpr_shadow vnmi flexpriority ept vpid
bogomips	: 4385.70
clflush size	: 64
cache_alignment	: 64
address sizes	: 36 bits physical, 48 bits virtual
power management:

processor	: 6
vendor_id	: GenuineIntel
cpu family	: 6
model		: 42
model name	: Intel(R) Core(TM) i7-2720QM CPU @ 2.20GHz
stepping	: 7
cpu MHz		: 2192.888
cache size	: 6144 KB
physical id	: 0
siblings	: 8
core id		: 3
cpu cores	: 4
apicid		: 6
initial apicid	: 6
fpu		: yes
fpu_exception	: yes
cpuid level	: 13
wp		: yes
flags		: fpu vme de pse tsc msr pae mce cx8 apic sep mtrr pge mca cmov pat pse36 clflush dts acpi mmx fxsr sse sse2 ss ht tm pbe syscall nx rdtscp lm constant_tsc arch_perfmon pebs bts nopl xtopology nonstop_tsc aperfmperf pni pclmulqdq dtes64 monitor ds_cpl vmx smx est tm2 ssse3 cx16 xtpr pdcm sse4_1 sse4_2 x2apic popcnt aes xsave avx lahf_lm ida arat epb xsaveopt pln pts dts tpr_shadow vnmi flexpriority ept vpid
bogomips	: 4385.71
clflush size	: 64
cache_alignment	: 64
address sizes	: 36 bits physical, 48 bits virtual
power management:

processor	: 7
vendor_id	: GenuineIntel
cpu family	: 6
model		: 42
model name	: Intel(R) Core(TM) i7-2720QM CPU @ 2.20GHz
stepping	: 7
cpu MHz		: 2192.888
cache size	: 6144 KB
physical id	: 0
siblings	: 8
core id		: 3
cpu cores	: 4
apicid		: 7
initial apicid	: 7
fpu		: yes
fpu_exception	: yes
cpuid level	: 13
wp		: yes
flags		: fpu vme de pse tsc msr pae mce cx8 apic sep mtrr pge mca cmov pat pse36 clflush dts acpi mmx fxsr sse sse2 ss ht tm pbe syscall nx rdtscp lm constant_tsc arch_perfmon pebs bts nopl xtopology nonstop_tsc aperfmperf pni pclmulqdq dtes64 monitor ds_cpl vmx smx est tm2 ssse3 cx16 xtpr pdcm sse4_1 sse4_2 x2apic popcnt aes xsave avx lahf_lm ida arat epb xsaveopt pln pts dts tpr_shadow vnmi flexpriority ept vpid
bogomips	: 4385.70
clflush size	: 64
cache_alignment	: 64
address sizes	: 36 bits physical, 48 bits virtual
power management:



Memory: 4k page, physical 8147872k(898952k free), swap 8270844k(7593128k free)

vm_info: Java HotSpot(TM) 64-Bit Server VM (23.6-b04) for linux-amd64 JRE (1.7.0_11-b21), built on Jan 12 2013 01:43:03 by "java_re" with gcc 4.3.0 20080428 (Red Hat 4.3.0-8)

time: Tue Mar 26 21:52:28 2013
elapsed time: 0 seconds

